<?xml version="1.0" encoding="UTF-8"?>
<testsuite xmlns:xsi="http://www.w3.org/2001/XMLSchema-instance" xsi:noNamespaceSchemaLocation="https://maven.apache.org/surefire/maven-surefire-plugin/xsd/surefire-test-report-3.0.xsd" version="3.0" name="com.iflytek.voicecloud.rtasr.AppTest" time="0.011" tests="1" errors="0" skipped="0" failures="0">
  <properties>
    <property name="java.specification.version" value="21"/>
    <property name="sun.cpu.isalist" value="amd64"/>
    <property name="sun.jnu.encoding" value="GBK"/>
    <property name="java.class.path" value="D:\项目\rtasr_java\target\test-classes;D:\项目\rtasr_java\target\classes;C:\Users\PC\.m2\repository\junit\junit\3.8.1\junit-3.8.1.jar;C:\Users\PC\.m2\repository\javax\validation\validation-api\2.0.1.Final\validation-api-2.0.1.Final.jar;C:\Users\PC\.m2\repository\commons-codec\commons-codec\1.9\commons-codec-1.9.jar;C:\Users\PC\.m2\repository\com\alibaba\fastjson\1.2.21\fastjson-1.2.21.jar;C:\Users\PC\.m2\repository\org\java-websocket\Java-WebSocket\1.3.4\Java-WebSocket-1.3.4.jar;"/>
    <property name="java.vm.vendor" value="Microsoft"/>
    <property name="sun.arch.data.model" value="64"/>
    <property name="user.variant" value=""/>
    <property name="java.vendor.url" value="https://www.microsoft.com"/>
    <property name="user.timezone" value="Asia/Shanghai"/>
    <property name="os.name" value="Windows 11"/>
    <property name="java.vm.specification.version" value="21"/>
    <property name="sun.java.launcher" value="SUN_STANDARD"/>
    <property name="user.country" value="CN"/>
    <property name="sun.boot.library.path" value="C:\Users\PC\AppData\Roaming\.hmcl\java\windows-x86_64\mojang-java-runtime-delta\bin"/>
    <property name="sun.java.command" value="C:\Users\PC\AppData\Local\Temp\surefire8282911601519538818\surefirebooter-20250311180931456_3.jar C:\Users\PC\AppData\Local\Temp\surefire8282911601519538818 2025-03-11T18-09-31_390-jvmRun1 surefire-20250311180931456_1tmp surefire_0-20250311180931456_2tmp"/>
    <property name="jdk.debug" value="release"/>
    <property name="surefire.test.class.path" value="D:\项目\rtasr_java\target\test-classes;D:\项目\rtasr_java\target\classes;C:\Users\PC\.m2\repository\junit\junit\3.8.1\junit-3.8.1.jar;C:\Users\PC\.m2\repository\javax\validation\validation-api\2.0.1.Final\validation-api-2.0.1.Final.jar;C:\Users\PC\.m2\repository\commons-codec\commons-codec\1.9\commons-codec-1.9.jar;C:\Users\PC\.m2\repository\com\alibaba\fastjson\1.2.21\fastjson-1.2.21.jar;C:\Users\PC\.m2\repository\org\java-websocket\Java-WebSocket\1.3.4\Java-WebSocket-1.3.4.jar;"/>
    <property name="sun.cpu.endian" value="little"/>
    <property name="user.home" value="C:\Users\PC"/>
    <property name="user.language" value="zh"/>
    <property name="java.specification.vendor" value="Oracle Corporation"/>
    <property name="java.version.date" value="2024-04-16"/>
    <property name="java.home" value="C:\Users\PC\AppData\Roaming\.hmcl\java\windows-x86_64\mojang-java-runtime-delta"/>
    <property name="file.separator" value="\"/>
    <property name="basedir" value="D:\项目\rtasr_java"/>
    <property name="java.vm.compressedOopsMode" value="Zero based"/>
    <property name="line.separator" value="&#10;"/>
    <property name="java.vm.specification.vendor" value="Oracle Corporation"/>
    <property name="java.specification.name" value="Java Platform API Specification"/>
    <property name="surefire.real.class.path" value="C:\Users\PC\AppData\Local\Temp\surefire8282911601519538818\surefirebooter-20250311180931456_3.jar"/>
    <property name="user.script" value=""/>
    <property name="sun.management.compiler" value="HotSpot 64-Bit Tiered Compilers"/>
    <property name="java.runtime.version" value="21.0.3+9-LTS"/>
    <property name="user.name" value="PC"/>
    <property name="stdout.encoding" value="GBK"/>
    <property name="path.separator" value=";"/>
    <property name="os.version" value="10.0"/>
    <property name="java.runtime.name" value="OpenJDK Runtime Environment"/>
    <property name="file.encoding" value="UTF-8"/>
    <property name="java.vm.name" value="OpenJDK 64-Bit Server VM"/>
    <property name="java.vendor.version" value="Microsoft-9388422"/>
    <property name="localRepository" value="C:\Users\PC\.m2\repository"/>
    <property name="java.vendor.url.bug" value="https://aka.ms/minecraftjavacrashes"/>
    <property name="java.io.tmpdir" value="C:\Users\PC\AppData\Local\Temp\"/>
    <property name="java.version" value="21.0.3"/>
    <property name="user.dir" value="D:\项目\rtasr_java"/>
    <property name="os.arch" value="amd64"/>
    <property name="java.vm.specification.name" value="Java Virtual Machine Specification"/>
    <property name="sun.os.patch.level" value=""/>
    <property name="native.encoding" value="GBK"/>
    <property name="java.library.path" value="C:\Users\PC\AppData\Roaming\.hmcl\java\windows-x86_64\mojang-java-runtime-delta\bin;C:\WINDOWS\Sun\Java\bin;C:\WINDOWS\system32;C:\WINDOWS;c:\Users\PC\AppData\Local\Programs\cursor\resources\app\bin;C:\Windows\system32;C:\Windows;C:\Windows\System32\Wbem;C:\Windows\System32\WindowsPowerShell\v1.0\;C:\Windows\System32\OpenSSH\;C:\Users\PC\AppData\Local\Microsoft\WindowsApps;C:\msys64\mingw64\bin;C:\msys64\ucrt64\bin;C:\Users\PC\AppData\Roaming\.hmcl\java\windows-x86_64\mojang-java-runtime-delta\bin;C:\Users\PC\AppData\Roaming\.hmcl\java\windows-x86_64\mojang-java-runtime-delta\jre\bin;C:\Program Files\Git\cmd;C:\Program Files\Docker\Docker\resources\bin;C:\WINDOWS\system32;C:\WINDOWS;C:\WINDOWS\System32\Wbem;C:\WINDOWS\System32\WindowsPowerShell\v1.0\;C:\WINDOWS\System32\OpenSSH\;C:\Users\PC\AppData\Local\Programs\Python\Python312\Scripts\;C:\Users\PC\AppData\Local\Programs\Python\Python312\;C:\Users\PC\AppData\Local\Programs\Python\Launcher\;C:\Users\PC\AppData\Local\Microsoft\WindowsApps;D:\Microsoft VS Code\bin;C:\msys64\mingw64\bin;C:\msys64\ucrt64\bin;D:\MySQL\bin;D:\C++ project\apache-maven-3.9.9\bin;D:\Jetbrain\IntelliJ IDEA 2024.3.4\bin;;D:\software\tomcat\apache-tomcat-9.0.100\bin;;."/>
    <property name="java.vm.info" value="mixed mode"/>
    <property name="stderr.encoding" value="GBK"/>
    <property name="java.vendor" value="Microsoft"/>
    <property name="java.vm.version" value="21.0.3+9-LTS"/>
    <property name="sun.io.unicode.encoding" value="UnicodeLittle"/>
    <property name="java.class.version" value="65.0"/>
  </properties>
  <testcase name="testApp" classname="com.iflytek.voicecloud.rtasr.AppTest" time="0.002"/>
</testsuite>